# JRE version: Java(TM) SE Runtime Environment (23.0.1+11) (build 23.0.1+11-39)
# Java VM: Java HotSpot(TM) 64-Bit Server VM (23.0.1+11-39, mixed mode, sharing, tiered, compressed oops, compressed class ptrs, g1 gc, windows-amd64)
GC Precious Log:
 CardTable entry size: 512
 Card Set container configuration: InlinePtr #cards 5 size 8 Array Of Cards #cards 10 size 36 Howl #buckets 4 coarsen threshold 1843 Howl Bitmap #cards 512 size 80 coarsen threshold 460 Card regions per heap region 1 cards per card region 2048
 CPUs: 4 total, 4 available
 Memory: 3863M
 Large Page Support: Disabled
 NUMA Support: Disabled
 Compressed Oops: Enabled (32-bit)
 Heap Region Size: 1M
 Heap Min Capacity: 8M
 Heap Initial Capacity: 62M
 Heap Max Capacity: 966M
 Pre-touch: Disabled
 Parallel Workers: 4
 Concurrent Workers: 1
 Concurrent Refinement Workers: 4
 Periodic GC: Disabled
Heap:
 garbage-first heap   total reserved 989184K, committed 86016K, used 50180K [0x00000000c3a00000, 0x0000000100000000)
  region size 1024K, 1 young (1024K), 1 survivors (1024K)
 Metaspace       used 39609K, committed 40128K, reserved 1114112K
  class space    used 4746K, committed 4992K, reserved 1048576K
GC Heap History (20 events):
Event: 7.124 GC heap after
{Heap after GC invocations=7 (full 0):
 garbage-first heap   total reserved 989184K, committed 63488K, used 18083K [0x00000000c3a00000, 0x0000000100000000)
  region size 1024K, 5 young (5120K), 5 survivors (5120K)
 Metaspace       used 21246K, committed 21504K, reserved 1114112K
  class space    used 2539K, committed 2688K, reserved 1048576K
}
Event: 9.370 GC heap before
{Heap before GC invocations=8 (full 0):
 garbage-first heap   total reserved 989184K, committed 61440K, used 48803K [0x00000000c3a00000, 0x0000000100000000)
  region size 1024K, 35 young (35840K), 5 survivors (5120K)
 Metaspace       used 25798K, committed 26176K, reserved 1114112K
  class space    used 3066K, committed 3264K, reserved 1048576K
}
Event: 9.380 GC heap after
{Heap after GC invocations=9 (full 0):
 garbage-first heap   total reserved 989184K, committed 61440K, used 20849K [0x00000000c3a00000, 0x0000000100000000)
  region size 1024K, 3 young (3072K), 3 survivors (3072K)
 Metaspace       used 25798K, committed 26176K, reserved 1114112K
  class space    used 3066K, committed 3264K, reserved 1048576K
}
Event: 10.577 GC heap before
{Heap before GC invocations=9 (full 0):
 garbage-first heap   total reserved 989184K, committed 61440K, used 52593K [0x00000000c3a00000, 0x0000000100000000)
  region size 1024K, 31 young (31744K), 3 survivors (3072K)
 Metaspace       used 33949K, committed 34432K, reserved 1114112K
  class space    used 4045K, committed 4288K, reserved 1048576K
}
Event: 10.593 GC heap after
{Heap after GC invocations=10 (full 0):
 garbage-first heap   total reserved 989184K, committed 64512K, used 30864K [0x00000000c3a00000, 0x0000000100000000)
  region size 1024K, 4 young (4096K), 4 survivors (4096K)
 Metaspace       used 33949K, committed 34432K, reserved 1114112K
  class space    used 4045K, committed 4288K, reserved 1048576K
}
Event: 11.069 GC heap before
{Heap before GC invocations=10 (full 0):
 garbage-first heap   total reserved 989184K, committed 64512K, used 51344K [0x00000000c3a00000, 0x0000000100000000)
  region size 1024K, 24 young (24576K), 4 survivors (4096K)
 Metaspace       used 34400K, committed 34816K, reserved 1114112K
  class space    used 4103K, committed 4288K, reserved 1048576K
}
Event: 11.082 GC heap after
{Heap after GC invocations=11 (full 0):
 garbage-first heap   total reserved 989184K, committed 77824K, used 37175K [0x00000000c3a00000, 0x0000000100000000)
  region size 1024K, 3 young (3072K), 3 survivors (3072K)
 Metaspace       used 34400K, committed 34816K, reserved 1114112K
  class space    used 4103K, committed 4288K, reserved 1048576K
}
Event: 11.970 GC heap before
{Heap before GC invocations=11 (full 0):
 garbage-first heap   total reserved 989184K, committed 77824K, used 56631K [0x00000000c3a00000, 0x0000000100000000)
  region size 1024K, 24 young (24576K), 3 survivors (3072K)
 Metaspace       used 35647K, committed 36096K, reserved 1114112K
  class space    used 4248K, committed 4480K, reserved 1048576K
}
Event: 11.977 GC heap after
{Heap after GC invocations=12 (full 0):
 garbage-first heap   total reserved 989184K, committed 77824K, used 39033K [0x00000000c3a00000, 0x0000000100000000)
  region size 1024K, 2 young (2048K), 2 survivors (2048K)
 Metaspace       used 35647K, committed 36096K, reserved 1114112K
  class space    used 4248K, committed 4480K, reserved 1048576K
}
Event: 12.849 GC heap before
{Heap before GC invocations=13 (full 0):
 garbage-first heap   total reserved 989184K, committed 77824K, used 62585K [0x00000000c3a00000, 0x0000000100000000)
  region size 1024K, 26 young (26624K), 2 survivors (2048K)
 Metaspace       used 37408K, committed 37952K, reserved 1114112K
  class space    used 4464K, committed 4736K, reserved 1048576K
}
Event: 12.854 GC heap after
{Heap after GC invocations=14 (full 0):
 garbage-first heap   total reserved 989184K, committed 77824K, used 39720K [0x00000000c3a00000, 0x0000000100000000)
  region size 1024K, 2 young (2048K), 2 survivors (2048K)
 Metaspace       used 37408K, committed 37952K, reserved 1114112K
  class space    used 4464K, committed 4736K, reserved 1048576K
}
Event: 14.370 GC heap before
{Heap before GC invocations=14 (full 0):
 garbage-first heap   total reserved 989184K, committed 77824K, used 67368K [0x00000000c3a00000, 0x0000000100000000)
  region size 1024K, 27 young (27648K), 2 survivors (2048K)
 Metaspace       used 38145K, committed 38656K, reserved 1114112K
  class space    used 4576K, committed 4800K, reserved 1048576K
}
Event: 14.391 GC heap after
{Heap after GC invocations=15 (full 0):
 garbage-first heap   total reserved 989184K, committed 79872K, used 48319K [0x00000000c3a00000, 0x0000000100000000)
  region size 1024K, 4 young (4096K), 4 survivors (4096K)
 Metaspace       used 38145K, committed 38656K, reserved 1114112K
  class space    used 4576K, committed 4800K, reserved 1048576K
}
Event: 14.586 GC heap before
{Heap before GC invocations=15 (full 0):
 garbage-first heap   total reserved 989184K, committed 79872K, used 57535K [0x00000000c3a00000, 0x0000000100000000)
  region size 1024K, 14 young (14336K), 4 survivors (4096K)
 Metaspace       used 38150K, committed 38656K, reserved 1114112K
  class space    used 4576K, committed 4800K, reserved 1048576K
}
Event: 14.597 GC heap after
{Heap after GC invocations=16 (full 0):
 garbage-first heap   total reserved 989184K, committed 79872K, used 52224K [0x00000000c3a00000, 0x0000000100000000)
  region size 1024K, 3 young (3072K), 3 survivors (3072K)
 Metaspace       used 38150K, committed 38656K, reserved 1114112K
  class space    used 4576K, committed 4800K, reserved 1048576K
}
Event: 15.213 GC heap before
{Heap before GC invocations=17 (full 0):
 garbage-first heap   total reserved 989184K, committed 86016K, used 66560K [0x00000000c3a00000, 0x0000000100000000)
  region size 1024K, 18 young (18432K), 3 survivors (3072K)
 Metaspace       used 38389K, committed 38976K, reserved 1114112K
  class space    used 4597K, committed 4864K, reserved 1048576K
}
Event: 15.285 GC heap after
{Heap after GC invocations=18 (full 0):
 garbage-first heap   total reserved 989184K, committed 86016K, used 55149K [0x00000000c3a00000, 0x0000000100000000)
  region size 1024K, 3 young (3072K), 3 survivors (3072K)
 Metaspace       used 38389K, committed 38976K, reserved 1114112K
  class space    used 4597K, committed 4864K, reserved 1048576K
}
Event: 15.693 GC heap before
{Heap before GC invocations=18 (full 0):
 garbage-first heap   total reserved 989184K, committed 86016K, used 70509K [0x00000000c3a00000, 0x0000000100000000)
  region size 1024K, 19 young (19456K), 3 survivors (3072K)
 Metaspace       used 39122K, committed 39616K, reserved 1114112K
  class space    used 4695K, committed 4928K, reserved 1048576K
}
Event: 15.703 GC heap after
{Heap after GC invocations=19 (full 0):
 garbage-first heap   total reserved 989184K, committed 86016K, used 50258K [0x00000000c3a00000, 0x0000000100000000)
  region size 1024K, 1 young (1024K), 1 survivors (1024K)
 Metaspace       used 39122K, committed 39616K, reserved 1114112K
  class space    used 4695K, committed 4928K, reserved 1048576K
}
Event: 16.165 GC heap before
{Heap before GC invocations=19 (full 0):
 garbage-first heap   total reserved 989184K, committed 86016K, used 68690K [0x00000000c3a00000, 0x0000000100000000)
  region size 1024K, 20 young (20480K), 1 survivors (1024K)
 Metaspace       used 39609K, committed 40128K, reserved 1114112K
  class space    used 4746K, committed 4992K, reserved 1048576K
}

